<?xml version="1.0" encoding="UTF-8"?>
<testsuite name="ru.stqa.pft.sandbox.PointTests" tests="1" skipped="0" failures="0" errors="0" timestamp="2023-01-29T06:50:43" hostname="DESKTOP-TV3SI6E" time="0.004">
  <properties/>
  <testcase name="testDistance" classname="ru.stqa.pft.sandbox.PointTests" time="0.004"/>
  <system-out><![CDATA[]]></system-out>
  <system-err><![CDATA[]]></system-err>
</testsuite>
