<?xml version="1.0" encoding="UTF-8"?>
<testsuite name="ru.stqa.pft.sandbox.PrimeTests" tests="2" skipped="0" failures="0" errors="0" timestamp="2023-02-19T13:27:48" hostname="DESKTOP-TV3SI6E" time="4.268">
  <properties/>
  <testcase name="testNonPrimes" classname="ru.stqa.pft.sandbox.PrimeTests" time="0.04"/>
  <testcase name="testPrimesFast" classname="ru.stqa.pft.sandbox.PrimeTests" time="4.225"/>
  <system-out><![CDATA[]]></system-out>
  <system-err><![CDATA[]]></system-err>
</testsuite>
