<?xml version="1.0" encoding="UTF-8"?>
<testsuite name="ru.stqa.pft.addressbook.tests.AddContactsTests" tests="1" skipped="0" failures="0" errors="0" timestamp="2023-02-09T17:53:27" hostname="DESKTOP-TV3SI6E" time="0.484">
  <properties/>
  <testcase name="addsContactsTestsTest" classname="ru.stqa.pft.addressbook.tests.AddContactsTests" time="0.484"/>
  <system-out><![CDATA[]]></system-out>
  <system-err><![CDATA[Starting ChromeDriver 109.0.5414.74 (e7c5703604daa9cc128ccf5a5d3e993513758913-refs/branch-heads/5414@{#1172}) on port 27361
Only local connections are allowed.
Please see https://chromedriver.chromium.org/security-considerations for suggestions on keeping ChromeDriver safe.
ChromeDriver was started successfully.
февр. 09, 2023 8:53:27 PM org.openqa.selenium.remote.ProtocolHandshake createSession
INFO: Detected dialect: W3C
]]></system-err>
</testsuite>
