<?xml version="1.0" encoding="UTF-8"?>
<testsuite name="ru.stqa.pft.addressbook.GroupCreationTestsTest" tests="1" skipped="0" failures="0" errors="0" timestamp="2023-01-31T17:27:17" hostname="DESKTOP-TV3SI6E" time="0.835">
  <properties/>
  <testcase name="testGroupCreation" classname="ru.stqa.pft.addressbook.GroupCreationTestsTest" time="0.835"/>
  <system-out><![CDATA[]]></system-out>
  <system-err><![CDATA[1675186035209	geckodriver	INFO	Listening on 127.0.0.1:11735
1675186035388	mozrunner::runner	INFO	Running command: "C:\\Program Files\\Mozilla FirefoxESR\\firefox.exe" "--marionette" "--remote-debugging-port" "17848" "--remote-allow-hosts" "localhost" "--remote-allow-origins" "http://127.0.0.1:17848/,http://localhost:17848/,http://[::1]:17848/" "-no-remote" "-profile" "C:\\Users\\askol\\AppData\\Local\\Temp\\rust_mozprofileNyOkFw"
1675186035597	Marionette	INFO	Marionette enabled
1675186035600	Marionette	INFO	Listening on port 55245
WebDriver BiDi listening on ws://localhost:17848
Read port: 55245
1675186035701	RemoteAgent	WARN	TLS certificate errors will be ignored for this session
console.warn: SearchSettings: "get: No settings file exists, new profile?" (new NotFoundError("Could not open the file at C:\\Users\\askol\\AppData\\Local\\Temp\\rust_mozprofileNyOkFw\\search.json.mozlz4", (void 0)))
DevTools listening on ws://localhost:17848/devtools/browser/03021d67-6f14-42ce-babf-40cefb9451b6
console.warn: LoginRecipes: "getRecipes: falling back to a synchronous message for:" "http://localhost:8080"
console.warn: LoginRecipes: "getRecipes: falling back to a synchronous message for:" "http://localhost:8080"
JavaScript error: resource://gre/modules/LoginManagerParent.jsm, line 136: TypeError: gRecipeManager is null
console.warn: LoginRecipes: "getRecipes: falling back to a synchronous message for:" "http://localhost:8080"
JavaScript error: resource://gre/modules/LoginManagerParent.jsm, line 136: TypeError: gRecipeManager is null
console.warn: LoginRecipes: "getRecipes: falling back to a synchronous message for:" "http://localhost:8080"
JavaScript error: resource://gre/modules/LoginManagerParent.jsm, line 136: TypeError: gRecipeManager is null
console.warn: LoginRecipes: "getRecipes: falling back to a synchronous message for:" "http://localhost:8080"
JavaScript error: resource://gre/modules/LoginManagerParent.jsm, line 136: TypeError: gRecipeManager is null
console.warn: LoginRecipes: "getRecipes: falling back to a synchronous message for:" "http://localhost:8080"
JavaScript error: resource://gre/modules/LoginManagerParent.jsm, line 136: TypeError: gRecipeManager is null
console.warn: LoginRecipes: "getRecipes: falling back to a synchronous message for:" "http://localhost:8080"
JavaScript error: resource://gre/modules/LoginManagerParent.jsm, line 136: TypeError: gRecipeManager is null
1675186038415	CDP	ERROR	Invalid browser preferences for CDP. Set "fission.webContentIsolationStrategy"to 0 and "fission.bfcacheInParent" to false before Firefox starts.
1675186038434	Marionette	INFO	Stopped listening on port 55245
JavaScript error: resource://gre/modules/TerminatorTelemetry.jsm, line 71: AbortError: IOUtils: Shutting down and refusing additional I/O tasks
]]></system-err>
</testsuite>
