<?xml version="1.0" encoding="UTF-8"?>
<testsuite name="ru.stqa.pft.addressbook.GroupCreationTestsTest" tests="1" skipped="0" failures="0" errors="0" timestamp="2023-01-31T16:28:17" hostname="DESKTOP-TV3SI6E" time="1.519">
  <properties/>
  <testcase name="GroupCreationTests" classname="ru.stqa.pft.addressbook.GroupCreationTestsTest" time="1.519"/>
  <system-out><![CDATA[]]></system-out>
  <system-err><![CDATA[1675182495252	geckodriver	INFO	Listening on 127.0.0.1:28150
1675182495439	mozrunner::runner	INFO	Running command: "C:\\Program Files\\Mozilla FirefoxESR\\firefox.exe" "--marionette" "--remote-debugging-port" "29758" "--remote-allow-hosts" "localhost" "--remote-allow-origins" "http://127.0.0.1:29758/,http://localhost:29758/,http://[::1]:29758/" "-no-remote" "-profile" "C:\\Users\\askol\\AppData\\Local\\Temp\\rust_mozprofilePnJv76"
1675182495647	Marionette	INFO	Marionette enabled
1675182495651	Marionette	INFO	Listening on port 56896
WebDriver BiDi listening on ws://localhost:29758
Read port: 56896
1675182495748	RemoteAgent	WARN	TLS certificate errors will be ignored for this session
console.warn: SearchSettings: "get: No settings file exists, new profile?" (new NotFoundError("Could not open the file at C:\\Users\\askol\\AppData\\Local\\Temp\\rust_mozprofilePnJv76\\search.json.mozlz4", (void 0)))
DevTools listening on ws://localhost:29758/devtools/browser/b557c0b4-23d9-4610-b517-863e75162367
console.warn: LoginRecipes: "getRecipes: falling back to a synchronous message for:" "http://localhost:8080"
console.warn: LoginRecipes: "getRecipes: falling back to a synchronous message for:" "http://localhost:8080"
JavaScript error: resource://gre/modules/LoginManagerParent.jsm, line 136: TypeError: gRecipeManager is null
console.warn: LoginRecipes: "getRecipes: falling back to a synchronous message for:" "http://localhost:8080"
JavaScript error: resource://gre/modules/LoginManagerParent.jsm, line 136: TypeError: gRecipeManager is null
console.warn: LoginRecipes: "getRecipes: falling back to a synchronous message for:" "http://localhost:8080"
JavaScript error: resource://gre/modules/LoginManagerParent.jsm, line 136: TypeError: gRecipeManager is null
console.warn: LoginRecipes: "getRecipes: falling back to a synchronous message for:" "http://localhost:8080"
JavaScript error: resource://gre/modules/LoginManagerParent.jsm, line 136: TypeError: gRecipeManager is null
console.warn: LoginRecipes: "getRecipes: falling back to a synchronous message for:" "http://localhost:8080"
JavaScript error: resource://gre/modules/LoginManagerParent.jsm, line 136: TypeError: gRecipeManager is null
console.warn: LoginRecipes: "getRecipes: falling back to a synchronous message for:" "http://localhost:8080"
JavaScript error: resource://gre/modules/LoginManagerParent.jsm, line 136: TypeError: gRecipeManager is null
]]></system-err>
</testsuite>
