<?xml version="1.0" encoding="UTF-8"?>
<testsuite name="ru.stqa.pft.addressbook.tests.AddContactsTests" tests="1" skipped="0" failures="0" errors="0" timestamp="2023-02-19T11:01:27" hostname="DESKTOP-TV3SI6E" time="0.477">
  <properties/>
  <testcase name="addsContactsTestsTest" classname="ru.stqa.pft.addressbook.tests.AddContactsTests" time="0.477"/>
  <system-out><![CDATA[]]></system-out>
  <system-err><![CDATA[Starting ChromeDriver 109.0.5414.74 (e7c5703604daa9cc128ccf5a5d3e993513758913-refs/branch-heads/5414@{#1172}) on port 11978
Only local connections are allowed.
Please see https://chromedriver.chromium.org/security-considerations for suggestions on keeping ChromeDriver safe.
ChromeDriver was started successfully.
[1676804486.904][WARNING]: This version of ChromeDriver has not been tested with Chrome version 110.
февр. 19, 2023 2:01:26 PM org.openqa.selenium.remote.ProtocolHandshake createSession
INFO: Detected dialect: W3C
]]></system-err>
</testsuite>
