<?xml version="1.0" encoding="UTF-8"?>
<testsuite name="ru.stqa.pft.addressbook.AddsContactsTests" tests="1" skipped="0" failures="0" errors="0" timestamp="2023-02-01T16:57:01" hostname="DESKTOP-TV3SI6E" time="1.181">
  <properties/>
  <testcase name="addsContactsTestsTest" classname="ru.stqa.pft.addressbook.AddsContactsTests" time="1.181"/>
  <system-out><![CDATA[]]></system-out>
  <system-err><![CDATA[1675270619161	geckodriver	INFO	Listening on 127.0.0.1:4089
1675270619329	mozrunner::runner	INFO	Running command: "C:\\Program Files\\Mozilla FirefoxESR\\firefox.exe" "--marionette" "--remote-debugging-port" "11380" "--remote-allow-hosts" "localhost" "--remote-allow-origins" "http://127.0.0.1:11380/,http://localhost:11380/,http://[::1]:11380/" "-no-remote" "-profile" "C:\\Users\\askol\\AppData\\Local\\Temp\\rust_mozprofileKD0YIl"
1675270619538	Marionette	INFO	Marionette enabled
1675270619541	Marionette	INFO	Listening on port 58158
WebDriver BiDi listening on ws://localhost:11380
Read port: 58158
1675270619639	RemoteAgent	WARN	TLS certificate errors will be ignored for this session
console.warn: SearchSettings: "get: No settings file exists, new profile?" (new NotFoundError("Could not open the file at C:\\Users\\askol\\AppData\\Local\\Temp\\rust_mozprofileKD0YIl\\search.json.mozlz4", (void 0)))
DevTools listening on ws://localhost:11380/devtools/browser/c9de3563-faab-4bd9-95ed-1ff746560429
console.warn: LoginRecipes: "getRecipes: falling back to a synchronous message for:" "http://localhost:8080"
console.warn: LoginRecipes: "getRecipes: falling back to a synchronous message for:" "http://localhost:8080"
JavaScript error: resource://gre/modules/LoginManagerParent.jsm, line 136: TypeError: gRecipeManager is null
console.warn: LoginRecipes: "getRecipes: falling back to a synchronous message for:" "http://localhost:8080"
JavaScript error: resource://gre/modules/LoginManagerParent.jsm, line 136: TypeError: gRecipeManager is null
console.warn: LoginRecipes: "getRecipes: falling back to a synchronous message for:" "http://localhost:8080"
JavaScript error: resource://gre/modules/LoginManagerParent.jsm, line 136: TypeError: gRecipeManager is null
console.warn: LoginRecipes: "getRecipes: falling back to a synchronous message for:" "http://localhost:8080"
JavaScript error: resource://gre/modules/LoginManagerParent.jsm, line 136: TypeError: gRecipeManager is null
1675270622607	CDP	ERROR	Invalid browser preferences for CDP. Set "fission.webContentIsolationStrategy"to 0 and "fission.bfcacheInParent" to false before Firefox starts.
1675270622624	Marionette	INFO	Stopped listening on port 58158
]]></system-err>
</testsuite>
